<?xml version="1.0" encoding="UTF-8"?>
<robot generator="Robot 4.1.2 (Python 3.8.10 on linux)" generated="20211214 09:08:44.020" rpa="false" schemaversion="2">
<suite id="s1" name="API Token" source="/home/wong/Besquare/QualityAssurance/robot-framework-test/automation_project/project_solutions/API_Token.robot">
<test id="s1-t1" name="Open Token API Deriv">
<kw name="Login Direct" library="common">
<arg>${my_email}</arg>
<arg>${my_pw}</arg>
<arg>${url}</arg>
<kw name="Open Browser" library="SeleniumLibrary">
<arg>url=${url}</arg>
<arg>browser=chrome</arg>
<doc>Opens a new browser instance to the optional ``url``.</doc>
<msg timestamp="20211214 09:08:44.107" level="INFO">Opening browser 'chrome' to base url 'https://app.deriv.com/account/api-token'.</msg>
<status status="PASS" starttime="20211214 09:08:44.107" endtime="20211214 09:08:51.765"/>
</kw>
<kw name="Set Window Size" library="SeleniumLibrary">
<arg>1280</arg>
<arg>1280</arg>
<doc>Sets current windows size to given ``width`` and ``height``.</doc>
<status status="PASS" starttime="20211214 09:08:51.765" endtime="20211214 09:08:51.875"/>
</kw>
<kw name="Wait Until Page Contains Element" library="SeleniumLibrary">
<arg>${email_field}</arg>
<arg>15</arg>
<doc>Waits until the element ``locator`` appears on the current page.</doc>
<status status="PASS" starttime="20211214 09:08:51.875" endtime="20211214 09:08:51.883"/>
</kw>
<kw name="Input Text" library="SeleniumLibrary">
<arg>${email_field}</arg>
<arg>${email}</arg>
<doc>Types the given ``text`` into the text field identified by ``locator``.</doc>
<msg timestamp="20211214 09:08:51.884" level="INFO">Typing text 'wong+1@besquare.com.my' into text field 'name=email'.</msg>
<status status="PASS" starttime="20211214 09:08:51.883" endtime="20211214 09:08:51.935"/>
</kw>
<kw name="Input Text" library="SeleniumLibrary">
<arg>${password_field}</arg>
<arg>${pw}</arg>
<doc>Types the given ``text`` into the text field identified by ``locator``.</doc>
<msg timestamp="20211214 09:08:51.936" level="INFO">Typing text 'KenTrade123' into text field '//*[@type="password"]'.</msg>
<status status="PASS" starttime="20211214 09:08:51.935" endtime="20211214 09:08:51.985"/>
</kw>
<kw name="Click Element" library="SeleniumLibrary">
<arg>${login_oauth_btn}</arg>
<doc>Click the element identified by ``locator``.</doc>
<msg timestamp="20211214 09:08:51.986" level="INFO">Clicking element '//*[text()="Log in"]'.</msg>
<status status="PASS" starttime="20211214 09:08:51.985" endtime="20211214 09:08:53.929"/>
</kw>
<status status="PASS" starttime="20211214 09:08:44.106" endtime="20211214 09:08:53.929"/>
</kw>
<status status="PASS" starttime="20211214 09:08:44.106" endtime="20211214 09:08:53.930"/>
</test>
<test id="s1-t2" name="Test Individual Token Creation">
<kw name="Wait Until Page Contains Element" library="SeleniumLibrary">
<arg>${scope_checkbox_container}</arg>
<arg>60</arg>
<doc>Waits until the element ``locator`` appears on the current page.</doc>
<status status="PASS" starttime="20211214 09:08:53.931" endtime="20211214 09:08:56.308"/>
</kw>
<kw name="Set Variable" library="BuiltIn">
<var>${index}</var>
<arg>1</arg>
<doc>Returns the given values which can then be assigned to a variables.</doc>
<msg timestamp="20211214 09:08:56.309" level="INFO">${index} = 1</msg>
<status status="PASS" starttime="20211214 09:08:56.309" endtime="20211214 09:08:56.309"/>
</kw>
<for flavor="IN RANGE">
<var>${i}</var>
<value>5</value>
<iter>
<var name="${i}">0</var>
<kw name="Check Box and Create Verify">
<arg>${index}</arg>
<kw name="Perform Check Box">
<arg>${scope_checkbox_container}/child::div[${index}]</arg>
<kw name="Click Element" library="SeleniumLibrary">
<arg>${check_box}</arg>
<doc>Click the element identified by ``locator``.</doc>
<msg timestamp="20211214 09:08:56.312" level="INFO">Clicking element '//div[@class="da-api-token__checkbox-wrapper"]/child::div[1]'.</msg>
<status status="PASS" starttime="20211214 09:08:56.312" endtime="20211214 09:08:56.376"/>
</kw>
<status status="PASS" starttime="20211214 09:08:56.311" endtime="20211214 09:08:56.377"/>
</kw>
<kw name="Sleep" library="BuiltIn">
<arg>1</arg>
<doc>Pauses the test executed for the given time.</doc>
<msg timestamp="20211214 09:08:57.378" level="INFO">Slept 1 second</msg>
<status status="PASS" starttime="20211214 09:08:56.377" endtime="20211214 09:08:57.378"/>
</kw>
<kw name="Create Test Token">
<kw name="Input Text" library="SeleniumLibrary">
<arg>${token_input_field}</arg>
<arg>test</arg>
<doc>Types the given ``text`` into the text field identified by ``locator``.</doc>
<msg timestamp="20211214 09:08:57.379" level="INFO">Typing text 'test' into text field '//input[@name="token_name"]'.</msg>
<status status="PASS" starttime="20211214 09:08:57.379" endtime="20211214 09:08:57.501"/>
</kw>
<kw name="Click Element" library="SeleniumLibrary">
<arg>${token_create_btn}</arg>
<doc>Click the element identified by ``locator``.</doc>
<msg timestamp="20211214 09:08:57.501" level="INFO">Clicking element '//span[text()="Create"]/parent::button[@type="submit"]'.</msg>
<status status="PASS" starttime="20211214 09:08:57.501" endtime="20211214 09:08:57.552"/>
</kw>
<kw name="Wait Until Page Contains Element" library="SeleniumLibrary">
<arg>${tokenlist_first}</arg>
<arg>60</arg>
<doc>Waits until the element ``locator`` appears on the current page.</doc>
<status status="PASS" starttime="20211214 09:08:57.553" endtime="20211214 09:08:58.003"/>
</kw>
<status status="PASS" starttime="20211214 09:08:57.378" endtime="20211214 09:08:58.003"/>
</kw>
<kw name="Get Text" library="SeleniumLibrary">
<var>${scope_text}</var>
<arg>${scope_checkbox_container}/child::div[${index}]/descendant::span[@class="dc-text dc-checkbox__label"]</arg>
<doc>Returns the text value of the element identified by ``locator``.</doc>
<msg timestamp="20211214 09:08:58.025" level="INFO">${scope_text} = Read</msg>
<status status="PASS" starttime="20211214 09:08:58.003" endtime="20211214 09:08:58.025"/>
</kw>
<kw name="Verify Scope Items">
<arg>${scope_text}</arg>
<kw name="Page Should Contain Element" library="SeleniumLibrary">
<arg>${tokenlist_first}/descendant::span[text()="${scope_items}"]</arg>
<doc>Verifies that element ``locator`` is found on the current page.</doc>
<msg timestamp="20211214 09:08:58.034" level="INFO">Current page contains element '//tr[@class="da-api-token__table-cell-row"][1]/descendant::span[text()="Read"]'.</msg>
<status status="PASS" starttime="20211214 09:08:58.026" endtime="20211214 09:08:58.035"/>
</kw>
<kw name="Sleep" library="BuiltIn">
<arg>1</arg>
<doc>Pauses the test executed for the given time.</doc>
<msg timestamp="20211214 09:08:59.035" level="INFO">Slept 1 second</msg>
<status status="PASS" starttime="20211214 09:08:58.035" endtime="20211214 09:08:59.035"/>
</kw>
<status status="PASS" starttime="20211214 09:08:58.026" endtime="20211214 09:08:59.036"/>
</kw>
<kw name="Delete Token">
<kw name="Page Should Contain Element" library="SeleniumLibrary">
<arg>${tokenlist_first}/descendant::button</arg>
<doc>Verifies that element ``locator`` is found on the current page.</doc>
<msg timestamp="20211214 09:08:59.054" level="INFO">Current page contains element '//tr[@class="da-api-token__table-cell-row"][1]/descendant::button'.</msg>
<status status="PASS" starttime="20211214 09:08:59.036" endtime="20211214 09:08:59.055"/>
</kw>
<kw name="Click Element" library="SeleniumLibrary">
<arg>${tokenlist_first}/descendant::button</arg>
<doc>Click the element identified by ``locator``.</doc>
<msg timestamp="20211214 09:08:59.055" level="INFO">Clicking element '//tr[@class="da-api-token__table-cell-row"][1]/descendant::button'.</msg>
<status status="PASS" starttime="20211214 09:08:59.055" endtime="20211214 09:08:59.096"/>
</kw>
<kw name="Sleep" library="BuiltIn">
<arg>1</arg>
<doc>Pauses the test executed for the given time.</doc>
<msg timestamp="20211214 09:09:00.097" level="INFO">Slept 1 second</msg>
<status status="PASS" starttime="20211214 09:08:59.096" endtime="20211214 09:09:00.097"/>
</kw>
<kw name="Click Element" library="SeleniumLibrary">
<arg>${tokenlist_first}/descendant::button/child::span[text()="Yes"]/parent::button</arg>
<doc>Click the element identified by ``locator``.</doc>
<msg timestamp="20211214 09:09:00.098" level="INFO">Clicking element '//tr[@class="da-api-token__table-cell-row"][1]/descendant::button/child::span[text()="Yes"]/parent::button'.</msg>
<status status="PASS" starttime="20211214 09:09:00.097" endtime="20211214 09:09:00.152"/>
</kw>
<kw name="Wait Until Page Does Not Contain Element" library="SeleniumLibrary">
<arg>${tokenlist_first}</arg>
<doc>Waits until the element ``locator`` disappears from the current page.</doc>
<status status="PASS" starttime="20211214 09:09:00.153" endtime="20211214 09:09:00.794"/>
</kw>
<kw name="Page Should Not Contain Element" library="SeleniumLibrary">
<arg>${tokenlist_first}</arg>
<doc>Verifies that element ``locator`` is not found on the current page.</doc>
<msg timestamp="20211214 09:09:00.804" level="INFO">Current page does not contain element '//tr[@class="da-api-token__table-cell-row"][1]'.</msg>
<status status="PASS" starttime="20211214 09:09:00.794" endtime="20211214 09:09:00.804"/>
</kw>
<status status="PASS" starttime="20211214 09:08:59.036" endtime="20211214 09:09:00.804"/>
</kw>
<status status="PASS" starttime="20211214 09:08:56.310" endtime="20211214 09:09:00.804"/>
</kw>
<kw name="Evaluate" library="BuiltIn">
<var>${index}</var>
<arg>${index} + 1</arg>
<doc>Evaluates the given expression in Python and returns the result.</doc>
<msg timestamp="20211214 09:09:00.805" level="INFO">${index} = 2</msg>
<status status="PASS" starttime="20211214 09:09:00.805" endtime="20211214 09:09:00.805"/>
</kw>
<status status="PASS" starttime="20211214 09:08:56.310" endtime="20211214 09:09:00.805"/>
</iter>
<iter>
<var name="${i}">1</var>
<kw name="Check Box and Create Verify">
<arg>${index}</arg>
<kw name="Perform Check Box">
<arg>${scope_checkbox_container}/child::div[${index}]</arg>
<kw name="Click Element" library="SeleniumLibrary">
<arg>${check_box}</arg>
<doc>Click the element identified by ``locator``.</doc>
<msg timestamp="20211214 09:09:00.807" level="INFO">Clicking element '//div[@class="da-api-token__checkbox-wrapper"]/child::div[2]'.</msg>
<status status="PASS" starttime="20211214 09:09:00.807" endtime="20211214 09:09:00.861"/>
</kw>
<status status="PASS" starttime="20211214 09:09:00.806" endtime="20211214 09:09:00.861"/>
</kw>
<kw name="Sleep" library="BuiltIn">
<arg>1</arg>
<doc>Pauses the test executed for the given time.</doc>
<msg timestamp="20211214 09:09:01.862" level="INFO">Slept 1 second</msg>
<status status="PASS" starttime="20211214 09:09:00.862" endtime="20211214 09:09:01.862"/>
</kw>
<kw name="Create Test Token">
<kw name="Input Text" library="SeleniumLibrary">
<arg>${token_input_field}</arg>
<arg>test</arg>
<doc>Types the given ``text`` into the text field identified by ``locator``.</doc>
<msg timestamp="20211214 09:09:01.863" level="INFO">Typing text 'test' into text field '//input[@name="token_name"]'.</msg>
<status status="PASS" starttime="20211214 09:09:01.863" endtime="20211214 09:09:01.965"/>
</kw>
<kw name="Click Element" library="SeleniumLibrary">
<arg>${token_create_btn}</arg>
<doc>Click the element identified by ``locator``.</doc>
<msg timestamp="20211214 09:09:01.965" level="INFO">Clicking element '//span[text()="Create"]/parent::button[@type="submit"]'.</msg>
<status status="PASS" starttime="20211214 09:09:01.965" endtime="20211214 09:09:02.000"/>
</kw>
<kw name="Wait Until Page Contains Element" library="SeleniumLibrary">
<arg>${tokenlist_first}</arg>
<arg>60</arg>
<doc>Waits until the element ``locator`` appears on the current page.</doc>
<status status="PASS" starttime="20211214 09:09:02.000" endtime="20211214 09:09:02.643"/>
</kw>
<status status="PASS" starttime="20211214 09:09:01.862" endtime="20211214 09:09:02.643"/>
</kw>
<kw name="Get Text" library="SeleniumLibrary">
<var>${scope_text}</var>
<arg>${scope_checkbox_container}/child::div[${index}]/descendant::span[@class="dc-text dc-checkbox__label"]</arg>
<doc>Returns the text value of the element identified by ``locator``.</doc>
<msg timestamp="20211214 09:09:02.662" level="INFO">${scope_text} = Trade</msg>
<status status="PASS" starttime="20211214 09:09:02.644" endtime="20211214 09:09:02.662"/>
</kw>
<kw name="Verify Scope Items">
<arg>${scope_text}</arg>
<kw name="Page Should Contain Element" library="SeleniumLibrary">
<arg>${tokenlist_first}/descendant::span[text()="${scope_items}"]</arg>
<doc>Verifies that element ``locator`` is found on the current page.</doc>
<msg timestamp="20211214 09:09:02.671" level="INFO">Current page contains element '//tr[@class="da-api-token__table-cell-row"][1]/descendant::span[text()="Trade"]'.</msg>
<status status="PASS" starttime="20211214 09:09:02.662" endtime="20211214 09:09:02.672"/>
</kw>
<kw name="Sleep" library="BuiltIn">
<arg>1</arg>
<doc>Pauses the test executed for the given time.</doc>
<msg timestamp="20211214 09:09:03.672" level="INFO">Slept 1 second</msg>
<status status="PASS" starttime="20211214 09:09:02.672" endtime="20211214 09:09:03.672"/>
</kw>
<status status="PASS" starttime="20211214 09:09:02.662" endtime="20211214 09:09:03.673"/>
</kw>
<kw name="Delete Token">
<kw name="Page Should Contain Element" library="SeleniumLibrary">
<arg>${tokenlist_first}/descendant::button</arg>
<doc>Verifies that element ``locator`` is found on the current page.</doc>
<msg timestamp="20211214 09:09:03.684" level="INFO">Current page contains element '//tr[@class="da-api-token__table-cell-row"][1]/descendant::button'.</msg>
<status status="PASS" starttime="20211214 09:09:03.673" endtime="20211214 09:09:03.684"/>
</kw>
<kw name="Click Element" library="SeleniumLibrary">
<arg>${tokenlist_first}/descendant::button</arg>
<doc>Click the element identified by ``locator``.</doc>
<msg timestamp="20211214 09:09:03.685" level="INFO">Clicking element '//tr[@class="da-api-token__table-cell-row"][1]/descendant::button'.</msg>
<status status="PASS" starttime="20211214 09:09:03.685" endtime="20211214 09:09:03.734"/>
</kw>
<kw name="Sleep" library="BuiltIn">
<arg>1</arg>
<doc>Pauses the test executed for the given time.</doc>
<msg timestamp="20211214 09:09:04.735" level="INFO">Slept 1 second</msg>
<status status="PASS" starttime="20211214 09:09:03.735" endtime="20211214 09:09:04.735"/>
</kw>
<kw name="Click Element" library="SeleniumLibrary">
<arg>${tokenlist_first}/descendant::button/child::span[text()="Yes"]/parent::button</arg>
<doc>Click the element identified by ``locator``.</doc>
<msg timestamp="20211214 09:09:04.735" level="INFO">Clicking element '//tr[@class="da-api-token__table-cell-row"][1]/descendant::button/child::span[text()="Yes"]/parent::button'.</msg>
<status status="PASS" starttime="20211214 09:09:04.735" endtime="20211214 09:09:04.770"/>
</kw>
<kw name="Wait Until Page Does Not Contain Element" library="SeleniumLibrary">
<arg>${tokenlist_first}</arg>
<doc>Waits until the element ``locator`` disappears from the current page.</doc>
<status status="PASS" starttime="20211214 09:09:04.770" endtime="20211214 09:09:05.407"/>
</kw>
<kw name="Page Should Not Contain Element" library="SeleniumLibrary">
<arg>${tokenlist_first}</arg>
<doc>Verifies that element ``locator`` is not found on the current page.</doc>
<msg timestamp="20211214 09:09:05.417" level="INFO">Current page does not contain element '//tr[@class="da-api-token__table-cell-row"][1]'.</msg>
<status status="PASS" starttime="20211214 09:09:05.407" endtime="20211214 09:09:05.417"/>
</kw>
<status status="PASS" starttime="20211214 09:09:03.673" endtime="20211214 09:09:05.418"/>
</kw>
<status status="PASS" starttime="20211214 09:09:00.805" endtime="20211214 09:09:05.418"/>
</kw>
<kw name="Evaluate" library="BuiltIn">
<var>${index}</var>
<arg>${index} + 1</arg>
<doc>Evaluates the given expression in Python and returns the result.</doc>
<msg timestamp="20211214 09:09:05.419" level="INFO">${index} = 3</msg>
<status status="PASS" starttime="20211214 09:09:05.418" endtime="20211214 09:09:05.419"/>
</kw>
<status status="PASS" starttime="20211214 09:09:00.805" endtime="20211214 09:09:05.419"/>
</iter>
<iter>
<var name="${i}">2</var>
<kw name="Check Box and Create Verify">
<arg>${index}</arg>
<kw name="Perform Check Box">
<arg>${scope_checkbox_container}/child::div[${index}]</arg>
<kw name="Click Element" library="SeleniumLibrary">
<arg>${check_box}</arg>
<doc>Click the element identified by ``locator``.</doc>
<msg timestamp="20211214 09:09:05.421" level="INFO">Clicking element '//div[@class="da-api-token__checkbox-wrapper"]/child::div[3]'.</msg>
<status status="PASS" starttime="20211214 09:09:05.420" endtime="20211214 09:09:05.464"/>
</kw>
<status status="PASS" starttime="20211214 09:09:05.420" endtime="20211214 09:09:05.465"/>
</kw>
<kw name="Sleep" library="BuiltIn">
<arg>1</arg>
<doc>Pauses the test executed for the given time.</doc>
<msg timestamp="20211214 09:09:06.465" level="INFO">Slept 1 second</msg>
<status status="PASS" starttime="20211214 09:09:05.465" endtime="20211214 09:09:06.465"/>
</kw>
<kw name="Create Test Token">
<kw name="Input Text" library="SeleniumLibrary">
<arg>${token_input_field}</arg>
<arg>test</arg>
<doc>Types the given ``text`` into the text field identified by ``locator``.</doc>
<msg timestamp="20211214 09:09:06.467" level="INFO">Typing text 'test' into text field '//input[@name="token_name"]'.</msg>
<status status="PASS" starttime="20211214 09:09:06.466" endtime="20211214 09:09:06.538"/>
</kw>
<kw name="Click Element" library="SeleniumLibrary">
<arg>${token_create_btn}</arg>
<doc>Click the element identified by ``locator``.</doc>
<msg timestamp="20211214 09:09:06.540" level="INFO">Clicking element '//span[text()="Create"]/parent::button[@type="submit"]'.</msg>
<status status="PASS" starttime="20211214 09:09:06.539" endtime="20211214 09:09:06.571"/>
</kw>
<kw name="Wait Until Page Contains Element" library="SeleniumLibrary">
<arg>${tokenlist_first}</arg>
<arg>60</arg>
<doc>Waits until the element ``locator`` appears on the current page.</doc>
<status status="PASS" starttime="20211214 09:09:06.571" endtime="20211214 09:09:07.206"/>
</kw>
<status status="PASS" starttime="20211214 09:09:06.466" endtime="20211214 09:09:07.206"/>
</kw>
<kw name="Get Text" library="SeleniumLibrary">
<var>${scope_text}</var>
<arg>${scope_checkbox_container}/child::div[${index}]/descendant::span[@class="dc-text dc-checkbox__label"]</arg>
<doc>Returns the text value of the element identified by ``locator``.</doc>
<msg timestamp="20211214 09:09:07.243" level="INFO">${scope_text} = Payments</msg>
<status status="PASS" starttime="20211214 09:09:07.207" endtime="20211214 09:09:07.243"/>
</kw>
<kw name="Verify Scope Items">
<arg>${scope_text}</arg>
<kw name="Page Should Contain Element" library="SeleniumLibrary">
<arg>${tokenlist_first}/descendant::span[text()="${scope_items}"]</arg>
<doc>Verifies that element ``locator`` is found on the current page.</doc>
<msg timestamp="20211214 09:09:07.254" level="INFO">Current page contains element '//tr[@class="da-api-token__table-cell-row"][1]/descendant::span[text()="Payments"]'.</msg>
<status status="PASS" starttime="20211214 09:09:07.244" endtime="20211214 09:09:07.255"/>
</kw>
<kw name="Sleep" library="BuiltIn">
<arg>1</arg>
<doc>Pauses the test executed for the given time.</doc>
<msg timestamp="20211214 09:09:08.255" level="INFO">Slept 1 second</msg>
<status status="PASS" starttime="20211214 09:09:07.255" endtime="20211214 09:09:08.255"/>
</kw>
<status status="PASS" starttime="20211214 09:09:07.243" endtime="20211214 09:09:08.256"/>
</kw>
<kw name="Delete Token">
<kw name="Page Should Contain Element" library="SeleniumLibrary">
<arg>${tokenlist_first}/descendant::button</arg>
<doc>Verifies that element ``locator`` is found on the current page.</doc>
<msg timestamp="20211214 09:09:08.268" level="INFO">Current page contains element '//tr[@class="da-api-token__table-cell-row"][1]/descendant::button'.</msg>
<status status="PASS" starttime="20211214 09:09:08.256" endtime="20211214 09:09:08.268"/>
</kw>
<kw name="Click Element" library="SeleniumLibrary">
<arg>${tokenlist_first}/descendant::button</arg>
<doc>Click the element identified by ``locator``.</doc>
<msg timestamp="20211214 09:09:08.269" level="INFO">Clicking element '//tr[@class="da-api-token__table-cell-row"][1]/descendant::button'.</msg>
<status status="PASS" starttime="20211214 09:09:08.268" endtime="20211214 09:09:08.302"/>
</kw>
<kw name="Sleep" library="BuiltIn">
<arg>1</arg>
<doc>Pauses the test executed for the given time.</doc>
<msg timestamp="20211214 09:09:09.303" level="INFO">Slept 1 second</msg>
<status status="PASS" starttime="20211214 09:09:08.303" endtime="20211214 09:09:09.303"/>
</kw>
<kw name="Click Element" library="SeleniumLibrary">
<arg>${tokenlist_first}/descendant::button/child::span[text()="Yes"]/parent::button</arg>
<doc>Click the element identified by ``locator``.</doc>
<msg timestamp="20211214 09:09:09.304" level="INFO">Clicking element '//tr[@class="da-api-token__table-cell-row"][1]/descendant::button/child::span[text()="Yes"]/parent::button'.</msg>
<status status="PASS" starttime="20211214 09:09:09.304" endtime="20211214 09:09:09.359"/>
</kw>
<kw name="Wait Until Page Does Not Contain Element" library="SeleniumLibrary">
<arg>${tokenlist_first}</arg>
<doc>Waits until the element ``locator`` disappears from the current page.</doc>
<status status="PASS" starttime="20211214 09:09:09.359" endtime="20211214 09:09:09.982"/>
</kw>
<kw name="Page Should Not Contain Element" library="SeleniumLibrary">
<arg>${tokenlist_first}</arg>
<doc>Verifies that element ``locator`` is not found on the current page.</doc>
<msg timestamp="20211214 09:09:09.986" level="INFO">Current page does not contain element '//tr[@class="da-api-token__table-cell-row"][1]'.</msg>
<status status="PASS" starttime="20211214 09:09:09.982" endtime="20211214 09:09:09.986"/>
</kw>
<status status="PASS" starttime="20211214 09:09:08.256" endtime="20211214 09:09:09.987"/>
</kw>
<status status="PASS" starttime="20211214 09:09:05.419" endtime="20211214 09:09:09.987"/>
</kw>
<kw name="Evaluate" library="BuiltIn">
<var>${index}</var>
<arg>${index} + 1</arg>
<doc>Evaluates the given expression in Python and returns the result.</doc>
<msg timestamp="20211214 09:09:09.987" level="INFO">${index} = 4</msg>
<status status="PASS" starttime="20211214 09:09:09.987" endtime="20211214 09:09:09.987"/>
</kw>
<status status="PASS" starttime="20211214 09:09:05.419" endtime="20211214 09:09:09.987"/>
</iter>
<iter>
<var name="${i}">3</var>
<kw name="Check Box and Create Verify">
<arg>${index}</arg>
<kw name="Perform Check Box">
<arg>${scope_checkbox_container}/child::div[${index}]</arg>
<kw name="Click Element" library="SeleniumLibrary">
<arg>${check_box}</arg>
<doc>Click the element identified by ``locator``.</doc>
<msg timestamp="20211214 09:09:09.988" level="INFO">Clicking element '//div[@class="da-api-token__checkbox-wrapper"]/child::div[4]'.</msg>
<status status="PASS" starttime="20211214 09:09:09.987" endtime="20211214 09:09:10.019"/>
</kw>
<status status="PASS" starttime="20211214 09:09:09.987" endtime="20211214 09:09:10.019"/>
</kw>
<kw name="Sleep" library="BuiltIn">
<arg>1</arg>
<doc>Pauses the test executed for the given time.</doc>
<msg timestamp="20211214 09:09:11.019" level="INFO">Slept 1 second</msg>
<status status="PASS" starttime="20211214 09:09:10.019" endtime="20211214 09:09:11.019"/>
</kw>
<kw name="Create Test Token">
<kw name="Input Text" library="SeleniumLibrary">
<arg>${token_input_field}</arg>
<arg>test</arg>
<doc>Types the given ``text`` into the text field identified by ``locator``.</doc>
<msg timestamp="20211214 09:09:11.021" level="INFO">Typing text 'test' into text field '//input[@name="token_name"]'.</msg>
<status status="PASS" starttime="20211214 09:09:11.020" endtime="20211214 09:09:11.113"/>
</kw>
<kw name="Click Element" library="SeleniumLibrary">
<arg>${token_create_btn}</arg>
<doc>Click the element identified by ``locator``.</doc>
<msg timestamp="20211214 09:09:11.113" level="INFO">Clicking element '//span[text()="Create"]/parent::button[@type="submit"]'.</msg>
<status status="PASS" starttime="20211214 09:09:11.113" endtime="20211214 09:09:11.148"/>
</kw>
<kw name="Wait Until Page Contains Element" library="SeleniumLibrary">
<arg>${tokenlist_first}</arg>
<arg>60</arg>
<doc>Waits until the element ``locator`` appears on the current page.</doc>
<status status="PASS" starttime="20211214 09:09:11.148" endtime="20211214 09:09:11.577"/>
</kw>
<status status="PASS" starttime="20211214 09:09:11.020" endtime="20211214 09:09:11.577"/>
</kw>
<kw name="Get Text" library="SeleniumLibrary">
<var>${scope_text}</var>
<arg>${scope_checkbox_container}/child::div[${index}]/descendant::span[@class="dc-text dc-checkbox__label"]</arg>
<doc>Returns the text value of the element identified by ``locator``.</doc>
<msg timestamp="20211214 09:09:11.602" level="INFO">${scope_text} = Admin</msg>
<status status="PASS" starttime="20211214 09:09:11.577" endtime="20211214 09:09:11.602"/>
</kw>
<kw name="Verify Scope Items">
<arg>${scope_text}</arg>
<kw name="Page Should Contain Element" library="SeleniumLibrary">
<arg>${tokenlist_first}/descendant::span[text()="${scope_items}"]</arg>
<doc>Verifies that element ``locator`` is found on the current page.</doc>
<msg timestamp="20211214 09:09:11.613" level="INFO">Current page contains element '//tr[@class="da-api-token__table-cell-row"][1]/descendant::span[text()="Admin"]'.</msg>
<status status="PASS" starttime="20211214 09:09:11.603" endtime="20211214 09:09:11.613"/>
</kw>
<kw name="Sleep" library="BuiltIn">
<arg>1</arg>
<doc>Pauses the test executed for the given time.</doc>
<msg timestamp="20211214 09:09:12.614" level="INFO">Slept 1 second</msg>
<status status="PASS" starttime="20211214 09:09:11.613" endtime="20211214 09:09:12.614"/>
</kw>
<status status="PASS" starttime="20211214 09:09:11.603" endtime="20211214 09:09:12.614"/>
</kw>
<kw name="Delete Token">
<kw name="Page Should Contain Element" library="SeleniumLibrary">
<arg>${tokenlist_first}/descendant::button</arg>
<doc>Verifies that element ``locator`` is found on the current page.</doc>
<msg timestamp="20211214 09:09:12.627" level="INFO">Current page contains element '//tr[@class="da-api-token__table-cell-row"][1]/descendant::button'.</msg>
<status status="PASS" starttime="20211214 09:09:12.615" endtime="20211214 09:09:12.627"/>
</kw>
<kw name="Click Element" library="SeleniumLibrary">
<arg>${tokenlist_first}/descendant::button</arg>
<doc>Click the element identified by ``locator``.</doc>
<msg timestamp="20211214 09:09:12.627" level="INFO">Clicking element '//tr[@class="da-api-token__table-cell-row"][1]/descendant::button'.</msg>
<status status="PASS" starttime="20211214 09:09:12.627" endtime="20211214 09:09:12.658"/>
</kw>
<kw name="Sleep" library="BuiltIn">
<arg>1</arg>
<doc>Pauses the test executed for the given time.</doc>
<msg timestamp="20211214 09:09:13.659" level="INFO">Slept 1 second</msg>
<status status="PASS" starttime="20211214 09:09:12.659" endtime="20211214 09:09:13.659"/>
</kw>
<kw name="Click Element" library="SeleniumLibrary">
<arg>${tokenlist_first}/descendant::button/child::span[text()="Yes"]/parent::button</arg>
<doc>Click the element identified by ``locator``.</doc>
<msg timestamp="20211214 09:09:13.659" level="INFO">Clicking element '//tr[@class="da-api-token__table-cell-row"][1]/descendant::button/child::span[text()="Yes"]/parent::button'.</msg>
<status status="PASS" starttime="20211214 09:09:13.659" endtime="20211214 09:09:13.695"/>
</kw>
<kw name="Wait Until Page Does Not Contain Element" library="SeleniumLibrary">
<arg>${tokenlist_first}</arg>
<doc>Waits until the element ``locator`` disappears from the current page.</doc>
<status status="PASS" starttime="20211214 09:09:13.696" endtime="20211214 09:09:14.334"/>
</kw>
<kw name="Page Should Not Contain Element" library="SeleniumLibrary">
<arg>${tokenlist_first}</arg>
<doc>Verifies that element ``locator`` is not found on the current page.</doc>
<msg timestamp="20211214 09:09:14.343" level="INFO">Current page does not contain element '//tr[@class="da-api-token__table-cell-row"][1]'.</msg>
<status status="PASS" starttime="20211214 09:09:14.334" endtime="20211214 09:09:14.343"/>
</kw>
<status status="PASS" starttime="20211214 09:09:12.614" endtime="20211214 09:09:14.344"/>
</kw>
<status status="PASS" starttime="20211214 09:09:09.987" endtime="20211214 09:09:14.344"/>
</kw>
<kw name="Evaluate" library="BuiltIn">
<var>${index}</var>
<arg>${index} + 1</arg>
<doc>Evaluates the given expression in Python and returns the result.</doc>
<msg timestamp="20211214 09:09:14.344" level="INFO">${index} = 5</msg>
<status status="PASS" starttime="20211214 09:09:14.344" endtime="20211214 09:09:14.344"/>
</kw>
<status status="PASS" starttime="20211214 09:09:09.987" endtime="20211214 09:09:14.344"/>
</iter>
<iter>
<var name="${i}">4</var>
<kw name="Check Box and Create Verify">
<arg>${index}</arg>
<kw name="Perform Check Box">
<arg>${scope_checkbox_container}/child::div[${index}]</arg>
<kw name="Click Element" library="SeleniumLibrary">
<arg>${check_box}</arg>
<doc>Click the element identified by ``locator``.</doc>
<msg timestamp="20211214 09:09:14.346" level="INFO">Clicking element '//div[@class="da-api-token__checkbox-wrapper"]/child::div[5]'.</msg>
<status status="PASS" starttime="20211214 09:09:14.346" endtime="20211214 09:09:14.381"/>
</kw>
<status status="PASS" starttime="20211214 09:09:14.345" endtime="20211214 09:09:14.381"/>
</kw>
<kw name="Sleep" library="BuiltIn">
<arg>1</arg>
<doc>Pauses the test executed for the given time.</doc>
<msg timestamp="20211214 09:09:15.382" level="INFO">Slept 1 second</msg>
<status status="PASS" starttime="20211214 09:09:14.381" endtime="20211214 09:09:15.382"/>
</kw>
<kw name="Create Test Token">
<kw name="Input Text" library="SeleniumLibrary">
<arg>${token_input_field}</arg>
<arg>test</arg>
<doc>Types the given ``text`` into the text field identified by ``locator``.</doc>
<msg timestamp="20211214 09:09:15.383" level="INFO">Typing text 'test' into text field '//input[@name="token_name"]'.</msg>
<status status="PASS" starttime="20211214 09:09:15.383" endtime="20211214 09:09:15.472"/>
</kw>
<kw name="Click Element" library="SeleniumLibrary">
<arg>${token_create_btn}</arg>
<doc>Click the element identified by ``locator``.</doc>
<msg timestamp="20211214 09:09:15.474" level="INFO">Clicking element '//span[text()="Create"]/parent::button[@type="submit"]'.</msg>
<status status="PASS" starttime="20211214 09:09:15.473" endtime="20211214 09:09:15.505"/>
</kw>
<kw name="Wait Until Page Contains Element" library="SeleniumLibrary">
<arg>${tokenlist_first}</arg>
<arg>60</arg>
<doc>Waits until the element ``locator`` appears on the current page.</doc>
<status status="PASS" starttime="20211214 09:09:15.505" endtime="20211214 09:09:16.148"/>
</kw>
<status status="PASS" starttime="20211214 09:09:15.382" endtime="20211214 09:09:16.148"/>
</kw>
<kw name="Get Text" library="SeleniumLibrary">
<var>${scope_text}</var>
<arg>${scope_checkbox_container}/child::div[${index}]/descendant::span[@class="dc-text dc-checkbox__label"]</arg>
<doc>Returns the text value of the element identified by ``locator``.</doc>
<msg timestamp="20211214 09:09:16.169" level="INFO">${scope_text} = Trading information</msg>
<status status="PASS" starttime="20211214 09:09:16.149" endtime="20211214 09:09:16.169"/>
</kw>
<kw name="Verify Scope Items">
<arg>${scope_text}</arg>
<kw name="Page Should Contain Element" library="SeleniumLibrary">
<arg>${tokenlist_first}/descendant::span[text()="${scope_items}"]</arg>
<doc>Verifies that element ``locator`` is found on the current page.</doc>
<msg timestamp="20211214 09:09:16.182" level="INFO">Current page contains element '//tr[@class="da-api-token__table-cell-row"][1]/descendant::span[text()="Trading information"]'.</msg>
<status status="PASS" starttime="20211214 09:09:16.169" endtime="20211214 09:09:16.182"/>
</kw>
<kw name="Sleep" library="BuiltIn">
<arg>1</arg>
<doc>Pauses the test executed for the given time.</doc>
<msg timestamp="20211214 09:09:17.183" level="INFO">Slept 1 second</msg>
<status status="PASS" starttime="20211214 09:09:16.182" endtime="20211214 09:09:17.183"/>
</kw>
<status status="PASS" starttime="20211214 09:09:16.169" endtime="20211214 09:09:17.183"/>
</kw>
<kw name="Delete Token">
<kw name="Page Should Contain Element" library="SeleniumLibrary">
<arg>${tokenlist_first}/descendant::button</arg>
<doc>Verifies that element ``locator`` is found on the current page.</doc>
<msg timestamp="20211214 09:09:17.196" level="INFO">Current page contains element '//tr[@class="da-api-token__table-cell-row"][1]/descendant::button'.</msg>
<status status="PASS" starttime="20211214 09:09:17.184" endtime="20211214 09:09:17.197"/>
</kw>
<kw name="Click Element" library="SeleniumLibrary">
<arg>${tokenlist_first}/descendant::button</arg>
<doc>Click the element identified by ``locator``.</doc>
<msg timestamp="20211214 09:09:17.197" level="INFO">Clicking element '//tr[@class="da-api-token__table-cell-row"][1]/descendant::button'.</msg>
<status status="PASS" starttime="20211214 09:09:17.197" endtime="20211214 09:09:17.252"/>
</kw>
<kw name="Sleep" library="BuiltIn">
<arg>1</arg>
<doc>Pauses the test executed for the given time.</doc>
<msg timestamp="20211214 09:09:18.253" level="INFO">Slept 1 second</msg>
<status status="PASS" starttime="20211214 09:09:17.252" endtime="20211214 09:09:18.253"/>
</kw>
<kw name="Click Element" library="SeleniumLibrary">
<arg>${tokenlist_first}/descendant::button/child::span[text()="Yes"]/parent::button</arg>
<doc>Click the element identified by ``locator``.</doc>
<msg timestamp="20211214 09:09:18.254" level="INFO">Clicking element '//tr[@class="da-api-token__table-cell-row"][1]/descendant::button/child::span[text()="Yes"]/parent::button'.</msg>
<status status="PASS" starttime="20211214 09:09:18.253" endtime="20211214 09:09:18.311"/>
</kw>
<kw name="Wait Until Page Does Not Contain Element" library="SeleniumLibrary">
<arg>${tokenlist_first}</arg>
<doc>Waits until the element ``locator`` disappears from the current page.</doc>
<status status="PASS" starttime="20211214 09:09:18.312" endtime="20211214 09:09:18.951"/>
</kw>
<kw name="Page Should Not Contain Element" library="SeleniumLibrary">
<arg>${tokenlist_first}</arg>
<doc>Verifies that element ``locator`` is not found on the current page.</doc>
<msg timestamp="20211214 09:09:18.961" level="INFO">Current page does not contain element '//tr[@class="da-api-token__table-cell-row"][1]'.</msg>
<status status="PASS" starttime="20211214 09:09:18.951" endtime="20211214 09:09:18.961"/>
</kw>
<status status="PASS" starttime="20211214 09:09:17.184" endtime="20211214 09:09:18.961"/>
</kw>
<status status="PASS" starttime="20211214 09:09:14.345" endtime="20211214 09:09:18.961"/>
</kw>
<kw name="Evaluate" library="BuiltIn">
<var>${index}</var>
<arg>${index} + 1</arg>
<doc>Evaluates the given expression in Python and returns the result.</doc>
<msg timestamp="20211214 09:09:18.962" level="INFO">${index} = 6</msg>
<status status="PASS" starttime="20211214 09:09:18.961" endtime="20211214 09:09:18.962"/>
</kw>
<status status="PASS" starttime="20211214 09:09:14.345" endtime="20211214 09:09:18.962"/>
</iter>
<status status="PASS" starttime="20211214 09:08:56.310" endtime="20211214 09:09:18.962"/>
</for>
<status status="PASS" starttime="20211214 09:08:53.930" endtime="20211214 09:09:18.962"/>
</test>
<test id="s1-t3" name="Test All Scope Token Creation">
<kw name="Reload">
<kw name="Reload Page" library="SeleniumLibrary">
<doc>Simulates user reloading page.</doc>
<status status="PASS" starttime="20211214 09:09:18.964" endtime="20211214 09:09:18.972"/>
</kw>
<kw name="Wait Until Page Contains Element" library="SeleniumLibrary">
<arg>${scope_checkbox_container}</arg>
<arg>60</arg>
<doc>Waits until the element ``locator`` appears on the current page.</doc>
<status status="PASS" starttime="20211214 09:09:18.972" endtime="20211214 09:09:23.121"/>
</kw>
<status status="PASS" starttime="20211214 09:09:18.963" endtime="20211214 09:09:23.122"/>
</kw>
<kw name="Set Variable" library="BuiltIn">
<var>${index}</var>
<arg>1</arg>
<doc>Returns the given values which can then be assigned to a variables.</doc>
<msg timestamp="20211214 09:09:23.122" level="INFO">${index} = 1</msg>
<status status="PASS" starttime="20211214 09:09:23.122" endtime="20211214 09:09:23.122"/>
</kw>
<for flavor="IN RANGE">
<var>${i}</var>
<value>5</value>
<iter>
<var name="${i}">0</var>
<kw name="Perform Check Box">
<arg>${scope_checkbox_container}/child::div[${index}]</arg>
<kw name="Click Element" library="SeleniumLibrary">
<arg>${check_box}</arg>
<doc>Click the element identified by ``locator``.</doc>
<msg timestamp="20211214 09:09:23.123" level="INFO">Clicking element '//div[@class="da-api-token__checkbox-wrapper"]/child::div[1]'.</msg>
<status status="PASS" starttime="20211214 09:09:23.122" endtime="20211214 09:09:23.163"/>
</kw>
<status status="PASS" starttime="20211214 09:09:23.122" endtime="20211214 09:09:23.163"/>
</kw>
<kw name="Evaluate" library="BuiltIn">
<var>${index}</var>
<arg>${index} + 1</arg>
<doc>Evaluates the given expression in Python and returns the result.</doc>
<msg timestamp="20211214 09:09:23.164" level="INFO">${index} = 2</msg>
<status status="PASS" starttime="20211214 09:09:23.163" endtime="20211214 09:09:23.164"/>
</kw>
<status status="PASS" starttime="20211214 09:09:23.122" endtime="20211214 09:09:23.164"/>
</iter>
<iter>
<var name="${i}">1</var>
<kw name="Perform Check Box">
<arg>${scope_checkbox_container}/child::div[${index}]</arg>
<kw name="Click Element" library="SeleniumLibrary">
<arg>${check_box}</arg>
<doc>Click the element identified by ``locator``.</doc>
<msg timestamp="20211214 09:09:23.164" level="INFO">Clicking element '//div[@class="da-api-token__checkbox-wrapper"]/child::div[2]'.</msg>
<status status="PASS" starttime="20211214 09:09:23.164" endtime="20211214 09:09:23.209"/>
</kw>
<status status="PASS" starttime="20211214 09:09:23.164" endtime="20211214 09:09:23.209"/>
</kw>
<kw name="Evaluate" library="BuiltIn">
<var>${index}</var>
<arg>${index} + 1</arg>
<doc>Evaluates the given expression in Python and returns the result.</doc>
<msg timestamp="20211214 09:09:23.210" level="INFO">${index} = 3</msg>
<status status="PASS" starttime="20211214 09:09:23.209" endtime="20211214 09:09:23.210"/>
</kw>
<status status="PASS" starttime="20211214 09:09:23.164" endtime="20211214 09:09:23.210"/>
</iter>
<iter>
<var name="${i}">2</var>
<kw name="Perform Check Box">
<arg>${scope_checkbox_container}/child::div[${index}]</arg>
<kw name="Click Element" library="SeleniumLibrary">
<arg>${check_box}</arg>
<doc>Click the element identified by ``locator``.</doc>
<msg timestamp="20211214 09:09:23.210" level="INFO">Clicking element '//div[@class="da-api-token__checkbox-wrapper"]/child::div[3]'.</msg>
<status status="PASS" starttime="20211214 09:09:23.210" endtime="20211214 09:09:23.248"/>
</kw>
<status status="PASS" starttime="20211214 09:09:23.210" endtime="20211214 09:09:23.249"/>
</kw>
<kw name="Evaluate" library="BuiltIn">
<var>${index}</var>
<arg>${index} + 1</arg>
<doc>Evaluates the given expression in Python and returns the result.</doc>
<msg timestamp="20211214 09:09:23.249" level="INFO">${index} = 4</msg>
<status status="PASS" starttime="20211214 09:09:23.249" endtime="20211214 09:09:23.249"/>
</kw>
<status status="PASS" starttime="20211214 09:09:23.210" endtime="20211214 09:09:23.249"/>
</iter>
<iter>
<var name="${i}">3</var>
<kw name="Perform Check Box">
<arg>${scope_checkbox_container}/child::div[${index}]</arg>
<kw name="Click Element" library="SeleniumLibrary">
<arg>${check_box}</arg>
<doc>Click the element identified by ``locator``.</doc>
<msg timestamp="20211214 09:09:23.250" level="INFO">Clicking element '//div[@class="da-api-token__checkbox-wrapper"]/child::div[4]'.</msg>
<status status="PASS" starttime="20211214 09:09:23.249" endtime="20211214 09:09:23.291"/>
</kw>
<status status="PASS" starttime="20211214 09:09:23.249" endtime="20211214 09:09:23.291"/>
</kw>
<kw name="Evaluate" library="BuiltIn">
<var>${index}</var>
<arg>${index} + 1</arg>
<doc>Evaluates the given expression in Python and returns the result.</doc>
<msg timestamp="20211214 09:09:23.292" level="INFO">${index} = 5</msg>
<status status="PASS" starttime="20211214 09:09:23.291" endtime="20211214 09:09:23.292"/>
</kw>
<status status="PASS" starttime="20211214 09:09:23.249" endtime="20211214 09:09:23.292"/>
</iter>
<iter>
<var name="${i}">4</var>
<kw name="Perform Check Box">
<arg>${scope_checkbox_container}/child::div[${index}]</arg>
<kw name="Click Element" library="SeleniumLibrary">
<arg>${check_box}</arg>
<doc>Click the element identified by ``locator``.</doc>
<msg timestamp="20211214 09:09:23.293" level="INFO">Clicking element '//div[@class="da-api-token__checkbox-wrapper"]/child::div[5]'.</msg>
<status status="PASS" starttime="20211214 09:09:23.293" endtime="20211214 09:09:23.332"/>
</kw>
<status status="PASS" starttime="20211214 09:09:23.292" endtime="20211214 09:09:23.333"/>
</kw>
<kw name="Evaluate" library="BuiltIn">
<var>${index}</var>
<arg>${index} + 1</arg>
<doc>Evaluates the given expression in Python and returns the result.</doc>
<msg timestamp="20211214 09:09:23.333" level="INFO">${index} = 6</msg>
<status status="PASS" starttime="20211214 09:09:23.333" endtime="20211214 09:09:23.333"/>
</kw>
<status status="PASS" starttime="20211214 09:09:23.292" endtime="20211214 09:09:23.333"/>
</iter>
<status status="PASS" starttime="20211214 09:09:23.122" endtime="20211214 09:09:23.333"/>
</for>
<kw name="Create Test Token">
<kw name="Input Text" library="SeleniumLibrary">
<arg>${token_input_field}</arg>
<arg>test</arg>
<doc>Types the given ``text`` into the text field identified by ``locator``.</doc>
<msg timestamp="20211214 09:09:23.334" level="INFO">Typing text 'test' into text field '//input[@name="token_name"]'.</msg>
<status status="PASS" starttime="20211214 09:09:23.333" endtime="20211214 09:09:23.427"/>
</kw>
<kw name="Click Element" library="SeleniumLibrary">
<arg>${token_create_btn}</arg>
<doc>Click the element identified by ``locator``.</doc>
<msg timestamp="20211214 09:09:23.427" level="INFO">Clicking element '//span[text()="Create"]/parent::button[@type="submit"]'.</msg>
<status status="PASS" starttime="20211214 09:09:23.427" endtime="20211214 09:09:23.487"/>
</kw>
<kw name="Wait Until Page Contains Element" library="SeleniumLibrary">
<arg>${tokenlist_first}</arg>
<arg>60</arg>
<doc>Waits until the element ``locator`` appears on the current page.</doc>
<status status="PASS" starttime="20211214 09:09:23.487" endtime="20211214 09:09:23.927"/>
</kw>
<status status="PASS" starttime="20211214 09:09:23.333" endtime="20211214 09:09:23.928"/>
</kw>
<kw name="Verify Scope Items">
<arg>All</arg>
<kw name="Page Should Contain Element" library="SeleniumLibrary">
<arg>${tokenlist_first}/descendant::span[text()="${scope_items}"]</arg>
<doc>Verifies that element ``locator`` is found on the current page.</doc>
<msg timestamp="20211214 09:09:23.939" level="INFO">Current page contains element '//tr[@class="da-api-token__table-cell-row"][1]/descendant::span[text()="All"]'.</msg>
<status status="PASS" starttime="20211214 09:09:23.929" endtime="20211214 09:09:23.939"/>
</kw>
<kw name="Sleep" library="BuiltIn">
<arg>1</arg>
<doc>Pauses the test executed for the given time.</doc>
<msg timestamp="20211214 09:09:24.940" level="INFO">Slept 1 second</msg>
<status status="PASS" starttime="20211214 09:09:23.939" endtime="20211214 09:09:24.940"/>
</kw>
<status status="PASS" starttime="20211214 09:09:23.928" endtime="20211214 09:09:24.940"/>
</kw>
<kw name="Delete Token">
<kw name="Page Should Contain Element" library="SeleniumLibrary">
<arg>${tokenlist_first}/descendant::button</arg>
<doc>Verifies that element ``locator`` is found on the current page.</doc>
<msg timestamp="20211214 09:09:24.960" level="INFO">Current page contains element '//tr[@class="da-api-token__table-cell-row"][1]/descendant::button'.</msg>
<status status="PASS" starttime="20211214 09:09:24.941" endtime="20211214 09:09:24.960"/>
</kw>
<kw name="Click Element" library="SeleniumLibrary">
<arg>${tokenlist_first}/descendant::button</arg>
<doc>Click the element identified by ``locator``.</doc>
<msg timestamp="20211214 09:09:24.961" level="INFO">Clicking element '//tr[@class="da-api-token__table-cell-row"][1]/descendant::button'.</msg>
<status status="PASS" starttime="20211214 09:09:24.960" endtime="20211214 09:09:25.002"/>
</kw>
<kw name="Sleep" library="BuiltIn">
<arg>1</arg>
<doc>Pauses the test executed for the given time.</doc>
<msg timestamp="20211214 09:09:26.002" level="INFO">Slept 1 second</msg>
<status status="PASS" starttime="20211214 09:09:25.002" endtime="20211214 09:09:26.002"/>
</kw>
<kw name="Click Element" library="SeleniumLibrary">
<arg>${tokenlist_first}/descendant::button/child::span[text()="Yes"]/parent::button</arg>
<doc>Click the element identified by ``locator``.</doc>
<msg timestamp="20211214 09:09:26.003" level="INFO">Clicking element '//tr[@class="da-api-token__table-cell-row"][1]/descendant::button/child::span[text()="Yes"]/parent::button'.</msg>
<status status="PASS" starttime="20211214 09:09:26.003" endtime="20211214 09:09:26.059"/>
</kw>
<kw name="Wait Until Page Does Not Contain Element" library="SeleniumLibrary">
<arg>${tokenlist_first}</arg>
<doc>Waits until the element ``locator`` disappears from the current page.</doc>
<status status="PASS" starttime="20211214 09:09:26.059" endtime="20211214 09:09:26.691"/>
</kw>
<kw name="Page Should Not Contain Element" library="SeleniumLibrary">
<arg>${tokenlist_first}</arg>
<doc>Verifies that element ``locator`` is not found on the current page.</doc>
<msg timestamp="20211214 09:09:26.696" level="INFO">Current page does not contain element '//tr[@class="da-api-token__table-cell-row"][1]'.</msg>
<status status="PASS" starttime="20211214 09:09:26.691" endtime="20211214 09:09:26.696"/>
</kw>
<status status="PASS" starttime="20211214 09:09:24.940" endtime="20211214 09:09:26.696"/>
</kw>
<status status="PASS" starttime="20211214 09:09:18.963" endtime="20211214 09:09:26.696"/>
</test>
<test id="s1-t4" name="Test Create Must Have One Scope Selected">
<kw name="Reload">
<kw name="Reload Page" library="SeleniumLibrary">
<doc>Simulates user reloading page.</doc>
<status status="PASS" starttime="20211214 09:09:26.697" endtime="20211214 09:09:26.705"/>
</kw>
<kw name="Wait Until Page Contains Element" library="SeleniumLibrary">
<arg>${scope_checkbox_container}</arg>
<arg>60</arg>
<doc>Waits until the element ``locator`` appears on the current page.</doc>
<status status="PASS" starttime="20211214 09:09:26.705" endtime="20211214 09:09:29.808"/>
</kw>
<status status="PASS" starttime="20211214 09:09:26.697" endtime="20211214 09:09:29.808"/>
</kw>
<kw name="Input Text" library="SeleniumLibrary">
<arg>${token_input_field}</arg>
<arg>test</arg>
<doc>Types the given ``text`` into the text field identified by ``locator``.</doc>
<msg timestamp="20211214 09:09:29.808" level="INFO">Typing text 'test' into text field '//input[@name="token_name"]'.</msg>
<status status="PASS" starttime="20211214 09:09:29.808" endtime="20211214 09:09:29.908"/>
</kw>
<kw name="Element Should Be Disabled" library="SeleniumLibrary">
<arg>${token_create_btn}</arg>
<doc>Verifies that element identified by ``locator`` is disabled.</doc>
<status status="PASS" starttime="20211214 09:09:29.908" endtime="20211214 09:09:29.925"/>
</kw>
<status status="PASS" starttime="20211214 09:09:26.697" endtime="20211214 09:09:29.925"/>
</test>
<test id="s1-t5" name="Test Token Name Input">
<kw name="Reload">
<kw name="Reload Page" library="SeleniumLibrary">
<doc>Simulates user reloading page.</doc>
<status status="PASS" starttime="20211214 09:09:29.926" endtime="20211214 09:09:31.234"/>
</kw>
<kw name="Wait Until Page Contains Element" library="SeleniumLibrary">
<arg>${scope_checkbox_container}</arg>
<arg>60</arg>
<doc>Waits until the element ``locator`` appears on the current page.</doc>
<status status="PASS" starttime="20211214 09:09:31.234" endtime="20211214 09:09:33.135"/>
</kw>
<status status="PASS" starttime="20211214 09:09:29.926" endtime="20211214 09:09:33.136"/>
</kw>
<kw name="Perform Check Box">
<arg>${scope_checkbox_container}/child::div[1]</arg>
<kw name="Click Element" library="SeleniumLibrary">
<arg>${check_box}</arg>
<doc>Click the element identified by ``locator``.</doc>
<msg timestamp="20211214 09:09:33.137" level="INFO">Clicking element '//div[@class="da-api-token__checkbox-wrapper"]/child::div[1]'.</msg>
<status status="PASS" starttime="20211214 09:09:33.137" endtime="20211214 09:09:33.194"/>
</kw>
<status status="PASS" starttime="20211214 09:09:33.136" endtime="20211214 09:09:33.194"/>
</kw>
<kw name="Input Text" library="SeleniumLibrary">
<arg>${token_input_field}</arg>
<arg>${BADINPUTLESS}</arg>
<doc>Types the given ``text`` into the text field identified by ``locator``.</doc>
<msg timestamp="20211214 09:09:33.194" level="INFO">Typing text 'A' into text field '//input[@name="token_name"]'.</msg>
<status status="PASS" starttime="20211214 09:09:33.194" endtime="20211214 09:09:33.269"/>
</kw>
<kw name="Error Message Check">
<arg>Length of token name must be between 2 and 32 characters.</arg>
<kw name="Page Should Contain Element" library="SeleniumLibrary">
<arg>//*[text()="${errmsg}"]</arg>
<doc>Verifies that element ``locator`` is found on the current page.</doc>
<msg timestamp="20211214 09:09:33.279" level="INFO">Current page contains element '//*[text()="Length of token name must be between 2 and 32 characters."]'.</msg>
<status status="PASS" starttime="20211214 09:09:33.269" endtime="20211214 09:09:33.279"/>
</kw>
<kw name="Sleep" library="BuiltIn">
<arg>1</arg>
<doc>Pauses the test executed for the given time.</doc>
<msg timestamp="20211214 09:09:34.280" level="INFO">Slept 1 second</msg>
<status status="PASS" starttime="20211214 09:09:33.279" endtime="20211214 09:09:34.280"/>
</kw>
<status status="PASS" starttime="20211214 09:09:33.269" endtime="20211214 09:09:34.280"/>
</kw>
<kw name="Clear Token Name Field">
<kw name="Press Keys" library="SeleniumLibrary">
<arg>${token_input_field}</arg>
<arg>CONTROL+A</arg>
<arg>BACKSPACE</arg>
<doc>Simulates the user pressing key(s) to an element or on the active browser.</doc>
<msg timestamp="20211214 09:09:34.282" level="INFO">Sending key(s) ('CONTROL+A', 'BACKSPACE') to //input[@name="token_name"] element.</msg>
<msg timestamp="20211214 09:09:34.568" level="INFO">Pressing special key CONTROL down.</msg>
<msg timestamp="20211214 09:09:34.568" level="INFO">Sending key A</msg>
<msg timestamp="20211214 09:09:34.568" level="INFO">Releasing special key CONTROL.</msg>
<msg timestamp="20211214 09:09:34.578" level="INFO">Pressing special key BACKSPACE to element.</msg>
<msg timestamp="20211214 09:09:34.579" level="INFO">Releasing special key BACKSPACE.</msg>
<status status="PASS" starttime="20211214 09:09:34.281" endtime="20211214 09:09:34.594"/>
</kw>
<status status="PASS" starttime="20211214 09:09:34.281" endtime="20211214 09:09:34.595"/>
</kw>
<kw name="Input Text" library="SeleniumLibrary">
<arg>${token_input_field}</arg>
<arg>${BADINPUTMORE}</arg>
<doc>Types the given ``text`` into the text field identified by ``locator``.</doc>
<msg timestamp="20211214 09:09:34.595" level="INFO">Typing text 'AAAAAAAAAAAAAAAAAAAAAAAAAAAAAAAAA' into text field '//input[@name="token_name"]'.</msg>
<status status="PASS" starttime="20211214 09:09:34.595" endtime="20211214 09:09:34.785"/>
</kw>
<kw name="Error Message Check">
<arg>Maximum 32 characters.</arg>
<kw name="Page Should Contain Element" library="SeleniumLibrary">
<arg>//*[text()="${errmsg}"]</arg>
<doc>Verifies that element ``locator`` is found on the current page.</doc>
<msg timestamp="20211214 09:09:34.794" level="INFO">Current page contains element '//*[text()="Maximum 32 characters."]'.</msg>
<status status="PASS" starttime="20211214 09:09:34.786" endtime="20211214 09:09:34.794"/>
</kw>
<kw name="Sleep" library="BuiltIn">
<arg>1</arg>
<doc>Pauses the test executed for the given time.</doc>
<msg timestamp="20211214 09:09:35.794" level="INFO">Slept 1 second</msg>
<status status="PASS" starttime="20211214 09:09:34.794" endtime="20211214 09:09:35.794"/>
</kw>
<status status="PASS" starttime="20211214 09:09:34.785" endtime="20211214 09:09:35.794"/>
</kw>
<kw name="Clear Token Name Field">
<kw name="Press Keys" library="SeleniumLibrary">
<arg>${token_input_field}</arg>
<arg>CONTROL+A</arg>
<arg>BACKSPACE</arg>
<doc>Simulates the user pressing key(s) to an element or on the active browser.</doc>
<msg timestamp="20211214 09:09:35.795" level="INFO">Sending key(s) ('CONTROL+A', 'BACKSPACE') to //input[@name="token_name"] element.</msg>
<msg timestamp="20211214 09:09:36.063" level="INFO">Pressing special key CONTROL down.</msg>
<msg timestamp="20211214 09:09:36.063" level="INFO">Sending key A</msg>
<msg timestamp="20211214 09:09:36.063" level="INFO">Releasing special key CONTROL.</msg>
<msg timestamp="20211214 09:09:36.073" level="INFO">Pressing special key BACKSPACE to element.</msg>
<msg timestamp="20211214 09:09:36.073" level="INFO">Releasing special key BACKSPACE.</msg>
<status status="PASS" starttime="20211214 09:09:35.795" endtime="20211214 09:09:36.082"/>
</kw>
<status status="PASS" starttime="20211214 09:09:35.795" endtime="20211214 09:09:36.082"/>
</kw>
<status status="PASS" starttime="20211214 09:09:29.926" endtime="20211214 09:09:36.082"/>
</test>
<test id="s1-t6" name="End Test">
<kw name="Close Browser" library="SeleniumLibrary">
<doc>Closes the current browser.</doc>
<status status="PASS" starttime="20211214 09:09:36.083" endtime="20211214 09:09:36.158"/>
</kw>
<status status="PASS" starttime="20211214 09:09:36.082" endtime="20211214 09:09:36.158"/>
</test>
<status status="PASS" starttime="20211214 09:08:44.021" endtime="20211214 09:09:36.159"/>
</suite>
<statistics>
<total>
<stat pass="6" fail="0" skip="0">All Tests</stat>
</total>
<tag>
</tag>
<suite>
<stat pass="6" fail="0" skip="0" id="s1" name="API Token">API Token</stat>
</suite>
</statistics>
<errors>
<msg timestamp="20211214 09:08:44.021" level="ERROR">Error in file '/home/wong/Besquare/QualityAssurance/robot-framework-test/automation_project/project_solutions/API_Token.robot' on line 10: Setting variable '${GOODINPUT} AA' failed: Invalid variable name '${GOODINPUT} AA'.</msg>
</errors>
</robot>
